Performing C SOURCE FILE Test CMAKE_HAVE_LIBC_PTHREAD failed with the following output:
Change Dir: /home/aziz/Projects/build-indi-Desktop-Debug/CMakeFiles/CMakeTmp

Run Build Command(s):/home/aziz/Qt/Tools/Ninja/ninja cmTC_79359 && [1/2] Building C object CMakeFiles/cmTC_79359.dir/src.c.o
[2/2] Linking C executable cmTC_79359
FAILED: cmTC_79359 
: && /usr/bin/gcc -std=gnu99 -D_FORTIFY_SOURCE=2 -fstack-protector-all -fPIE -Wa,--noexecstack  -Wall -Wextra -Wno-unused-but-set-variable -Wno-format-truncation -g -rdynamic CMakeFiles/cmTC_79359.dir/src.c.o -o cmTC_79359   && :
/usr/bin/ld: CMakeFiles/cmTC_79359.dir/src.c.o: in function `main':
/home/aziz/Projects/build-indi-Desktop-Debug/CMakeFiles/CMakeTmp/src.c:11: undefined reference to `pthread_create'
/usr/bin/ld: /home/aziz/Projects/build-indi-Desktop-Debug/CMakeFiles/CMakeTmp/src.c:12: undefined reference to `pthread_detach'
/usr/bin/ld: /home/aziz/Projects/build-indi-Desktop-Debug/CMakeFiles/CMakeTmp/src.c:13: undefined reference to `pthread_cancel'
/usr/bin/ld: /home/aziz/Projects/build-indi-Desktop-Debug/CMakeFiles/CMakeTmp/src.c:14: undefined reference to `pthread_join'
collect2: error: ld returned 1 exit status
ninja: build stopped: subcommand failed.


Source file was:
#include <pthread.h>

static void* test_func(void* data)
{
  return data;
}

int main(void)
{
  pthread_t thread;
  pthread_create(&thread, NULL, test_func, NULL);
  pthread_detach(thread);
  pthread_cancel(thread);
  pthread_join(thread, NULL);
  pthread_atfork(NULL, NULL, NULL);
  pthread_exit(NULL);

  return 0;
}

Determining if the function pthread_create exists in the pthreads failed with the following output:
Change Dir: /home/aziz/Projects/build-indi-Desktop-Debug/CMakeFiles/CMakeTmp

Run Build Command(s):/home/aziz/Qt/Tools/Ninja/ninja cmTC_cbd6f && [1/2] Building C object CMakeFiles/cmTC_cbd6f.dir/CheckFunctionExists.c.o
[2/2] Linking C executable cmTC_cbd6f
FAILED: cmTC_cbd6f 
: && /usr/bin/gcc -std=gnu99 -D_FORTIFY_SOURCE=2 -fstack-protector-all -fPIE -Wa,--noexecstack  -Wall -Wextra -Wno-unused-but-set-variable -Wno-format-truncation -g -DCHECK_FUNCTION_EXISTS=pthread_create -rdynamic CMakeFiles/cmTC_cbd6f.dir/CheckFunctionExists.c.o -o cmTC_cbd6f  -lpthreads && :
/usr/bin/ld: cannot find -lpthreads
collect2: error: ld returned 1 exit status
ninja: build stopped: subcommand failed.



